The following modules were not unloaded:
  (Use "module --force purge" to unload all):

  1) NiaEnv/2018a
/gpfs/fs0/scratch/n/ngrisoua/mschee/Dedalus_Projects/template_dedalus_repository/_experiments/hpc2

Begin run script


--Running script--
Running Dedalus script for Niagara
2019-11-05 10:13:14,026 pencil 0/2 INFO :: Building pencil matrix 1/128 (~1%) Elapsed: 0s, Remaining: 19s, Rate: 6.7e+00/s
2019-11-05 10:13:15,360 pencil 0/2 INFO :: Building pencil matrix 13/128 (~10%) Elapsed: 1s, Remaining: 13s, Rate: 8.8e+00/s
2019-11-05 10:13:16,783 pencil 0/2 INFO :: Building pencil matrix 26/128 (~20%) Elapsed: 3s, Remaining: 11s, Rate: 8.9e+00/s
2019-11-05 10:13:18,214 pencil 0/2 INFO :: Building pencil matrix 39/128 (~30%) Elapsed: 4s, Remaining: 10s, Rate: 9.0e+00/s
2019-11-05 10:13:19,668 pencil 0/2 INFO :: Building pencil matrix 52/128 (~41%) Elapsed: 6s, Remaining: 8s, Rate: 9.0e+00/s
2019-11-05 10:13:21,108 pencil 0/2 INFO :: Building pencil matrix 65/128 (~51%) Elapsed: 7s, Remaining: 7s, Rate: 9.0e+00/s
2019-11-05 10:13:22,537 pencil 0/2 INFO :: Building pencil matrix 78/128 (~61%) Elapsed: 9s, Remaining: 6s, Rate: 9.0e+00/s
2019-11-05 10:13:23,961 pencil 0/2 INFO :: Building pencil matrix 91/128 (~71%) Elapsed: 10s, Remaining: 4s, Rate: 9.0e+00/s
2019-11-05 10:13:25,392 pencil 0/2 INFO :: Building pencil matrix 104/128 (~81%) Elapsed: 12s, Remaining: 3s, Rate: 9.0e+00/s
2019-11-05 10:13:26,827 pencil 0/2 INFO :: Building pencil matrix 117/128 (~91%) Elapsed: 13s, Remaining: 1s, Rate: 9.0e+00/s
2019-11-05 10:13:28,038 pencil 0/2 INFO :: Building pencil matrix 128/128 (~100%) Elapsed: 14s, Remaining: 0s, Rate: 9.0e+00/s
2019-11-05 10:13:28,051 __main__ 0/2 INFO :: Solver built
2019-11-05 10:13:28,076 __main__ 0/2 INFO :: Sim end period: 0.300000
2019-11-05 10:13:28,076 __main__ 0/2 INFO :: Starting loop
2019-11-05 10:15:29,767 __main__ 0/2 INFO :: Iteration: 1, t/T: 1.406731e-02, dt/T: 1.406731e-02
2019-11-05 10:15:29,767 __main__ 0/2 INFO :: Max linear criterion = 0.000000
2019-11-05 10:16:00,104 __main__ 0/2 INFO :: Iteration: 11, t/T: 1.547404e-01, dt/T: 1.406731e-02
2019-11-05 10:16:00,104 __main__ 0/2 INFO :: Max linear criterion = 0.001799
2019-11-05 10:16:29,593 __main__ 0/2 INFO :: Iteration: 21, t/T: 2.954135e-01, dt/T: 1.406731e-02
2019-11-05 10:16:29,594 __main__ 0/2 INFO :: Max linear criterion = 0.001898
2019-11-05 10:16:32,506 solvers 0/2 INFO :: Simulation stop time reached.
2019-11-05 10:16:32,506 __main__ 0/2 INFO :: Iterations: 22
2019-11-05 10:16:32,506 __main__ 0/2 INFO :: Sim end period: 0.309481
2019-11-05 10:16:32,506 __main__ 0/2 INFO :: Run time: 184.43 sec
2019-11-05 10:16:32,506 __main__ 0/2 INFO :: Run time: 0.102461 cpu-hr

Done running script

Done running experiment


scontrol show jobid 2017125
JobId=2017125 JobName=2019-11-05_09h53_hpc2
   UserId=mschee(3079212) GroupId=ngrisoua(6002522) MCS_label=N/A
   Priority=196168 Nice=0 Account=def-ngrisoua QOS=normal
   JobState=COMPLETING Reason=None Dependency=(null)
   Requeue=0 Restarts=0 BatchFlag=1 Reboot=0 ExitCode=0:0
   RunTime=00:03:32 TimeLimit=00:20:00 TimeMin=N/A
   SubmitTime=2019-11-05T09:54:09 EligibleTime=2019-11-05T09:54:09
   StartTime=2019-11-05T10:13:00 EndTime=2019-11-05T10:16:32 Deadline=N/A
   PreemptTime=None SuspendTime=None SecsPreSuspend=0
   LastSchedEval=2019-11-05T10:13:00
   Partition=compute AllocNode:Sid=nia-login03:194501
   ReqNodeList=(null) ExcNodeList=(null)
   NodeList=nia1543
   BatchHost=nia1543
   NumNodes=1 NumCPUs=80 NumTasks=40 CPUs/Task=1 ReqB:S:C:T=0:0:*:*
   TRES=cpu=80,node=1,billing=40
   Socks/Node=* NtasksPerN:B:S:C=40:0:*:* CoreSpec=*
   MinCPUsNode=40 MinMemoryNode=0 MinTmpDiskNode=0
   Features=(null) DelayBoot=00:00:00
   Gres=(null) Reservation=(null)
   OverSubscribe=NO Contiguous=0 Licenses=(null) Network=(null)
   Command=/gpfs/fs0/scratch/n/ngrisoua/mschee/Dedalus_Projects/template_dedalus_repository/_experiments/hpc2/_modules_HPC/Niagara_lanceur.slrm -n hpc2 -r 2019-11-05_09h53_hpc2 -c 2
   WorkDir=/gpfs/fs0/scratch/n/ngrisoua/mschee/Dedalus_Projects/template_dedalus_repository/_experiments/hpc2
   StdErr=/gpfs/fs0/scratch/n/ngrisoua/mschee/Dedalus_Projects/template_dedalus_repository/_experiments/hpc2/slurm-2017125.out
   StdIn=/dev/null
   StdOut=/gpfs/fs0/scratch/n/ngrisoua/mschee/Dedalus_Projects/template_dedalus_repository/_experiments/hpc2/slurm-2017125.out
   Power=
   

sacct -j 2017125
       JobID    JobName    Account    Elapsed  MaxVMSize     MaxRSS  SystemCPU    UserCPU ExitCode 
------------ ---------- ---------- ---------- ---------- ---------- ---------- ---------- -------- 
2017125      2019-11-0+ def-ngris+   00:03:32                        00:16.706  06:34.654      0:0 
2017125.bat+      batch def-ngris+   00:03:32 148414804K  29871840K  00:16.706  06:34.653      0:0 
2017125.ext+     extern def-ngris+   00:03:32    168876K      1276K   00:00:00   00:00:00      0:0 
