The following modules were not unloaded:
  (Use "module --force purge" to unload all):

  1) StdEnv/2016.4     4) gcccore/.5.4.0      7) intel/2016.4
  2) nixpkgs/16.09     5) icc/.2016.4.258     8) openmpi/2.1.1
  3) imkl/11.3.4.258   6) ifort/.2016.4.258
/scratch/mschee/Dedalus_Projects/template_dedalus_repository/_experiments/hpc1

Begin run script


--Running script--
Running Dedalus script for remote HPC
Traceback (most recent call last):
  File "core_code.py", line 19, in <module>
    from mpi4py import MPI
ImportError: /cvmfs/soft.computecanada.ca/nix/var/nix/profiles/16.09/lib/librt.so.1: symbol __recv, version GLIBC_PRIVATE not defined in file libc.so.6 with link time reference
Traceback (most recent call last):
  File "core_code.py", line 19, in <module>
    from mpi4py import MPI
ImportError: /cvmfs/soft.computecanada.ca/nix/var/nix/profiles/16.09/lib/librt.so.1: symbol __recv, version GLIBC_PRIVATE not defined in file libc.so.6 with link time reference
Traceback (most recent call last):
  File "core_code.py", line 19, in <module>
    from mpi4py import MPI
ImportError: /cvmfs/soft.computecanada.ca/nix/var/nix/profiles/16.09/lib/librt.so.1: symbol __recv, version GLIBC_PRIVATE not defined in file libc.so.6 with link time reference
Traceback (most recent call last):
  File "core_code.py", line 19, in <module>
    from mpi4py import MPI
ImportError: /cvmfs/soft.computecanada.ca/nix/var/nix/profiles/16.09/lib/librt.so.1: symbol __recv, version GLIBC_PRIVATE not defined in file libc.so.6 with link time reference
Traceback (most recent call last):
  File "core_code.py", line 19, in <module>
    from mpi4py import MPI
ImportError: /cvmfs/soft.computecanada.ca/nix/var/nix/profiles/16.09/lib/librt.so.1: symbol __recv, version GLIBC_PRIVATE not defined in file libc.so.6 with link time reference
Traceback (most recent call last):
  File "core_code.py", line 19, in <module>
    from mpi4py import MPI
ImportError: /cvmfs/soft.computecanada.ca/nix/var/nix/profiles/16.09/lib/librt.so.1: symbol __recv, version GLIBC_PRIVATE not defined in file libc.so.6 with link time reference
Traceback (most recent call last):
  File "core_code.py", line 19, in <module>
    from mpi4py import MPI
ImportError: /cvmfs/soft.computecanada.ca/nix/var/nix/profiles/16.09/lib/librt.so.1: symbol __recv, version GLIBC_PRIVATE not defined in file libc.so.6 with link time reference
Traceback (most recent call last):
  File "core_code.py", line 19, in <module>
    from mpi4py import MPI
ImportError: /cvmfs/soft.computecanada.ca/nix/var/nix/profiles/16.09/lib/librt.so.1: symbol __recv, version GLIBC_PRIVATE not defined in file libc.so.6 with link time reference
Traceback (most recent call last):
  File "core_code.py", line 19, in <module>
    from mpi4py import MPI
ImportError: /cvmfs/soft.computecanada.ca/nix/var/nix/profiles/16.09/lib/librt.so.1: symbol __recv, version GLIBC_PRIVATE not defined in file libc.so.6 with link time reference
Traceback (most recent call last):
  File "core_code.py", line 19, in <module>
    from mpi4py import MPI
ImportError: /cvmfs/soft.computecanada.ca/nix/var/nix/profiles/16.09/lib/librt.so.1: symbol __recv, version GLIBC_PRIVATE not defined in file libc.so.6 with link time reference
Traceback (most recent call last):
  File "core_code.py", line 19, in <module>
    from mpi4py import MPI
ImportError: /cvmfs/soft.computecanada.ca/nix/var/nix/profiles/16.09/lib/librt.so.1: symbol __recv, version GLIBC_PRIVATE not defined in file libc.so.6 with link time reference
Traceback (most recent call last):
  File "core_code.py", line 19, in <module>
    from mpi4py import MPI
ImportError: /cvmfs/soft.computecanada.ca/nix/var/nix/profiles/16.09/lib/librt.so.1: symbol __recv, version GLIBC_PRIVATE not defined in file libc.so.6 with link time reference
Traceback (most recent call last):
  File "core_code.py", line 19, in <module>
    from mpi4py import MPI
ImportError: /cvmfs/soft.computecanada.ca/nix/var/nix/profiles/16.09/lib/librt.so.1: symbol __recv, version GLIBC_PRIVATE not defined in file libc.so.6 with link time reference
Traceback (most recent call last):
  File "core_code.py", line 19, in <module>
    from mpi4py import MPI
ImportError: /cvmfs/soft.computecanada.ca/nix/var/nix/profiles/16.09/lib/librt.so.1: symbol __recv, version GLIBC_PRIVATE not defined in file libc.so.6 with link time reference
Traceback (most recent call last):
  File "core_code.py", line 19, in <module>
    from mpi4py import MPI
ImportError: /cvmfs/soft.computecanada.ca/nix/var/nix/profiles/16.09/lib/librt.so.1: symbol __recv, version GLIBC_PRIVATE not defined in file libc.so.6 with link time reference
Traceback (most recent call last):
  File "core_code.py", line 19, in <module>
    from mpi4py import MPI
ImportError: /cvmfs/soft.computecanada.ca/nix/var/nix/profiles/16.09/lib/librt.so.1: symbol __recv, version GLIBC_PRIVATE not defined in file libc.so.6 with link time reference
Traceback (most recent call last):
  File "core_code.py", line 19, in <module>
    from mpi4py import MPI
ImportError: /cvmfs/soft.computecanada.ca/nix/var/nix/profiles/16.09/lib/librt.so.1: symbol __recv, version GLIBC_PRIVATE not defined in file libc.so.6 with link time reference
Traceback (most recent call last):
  File "core_code.py", line 19, in <module>
    from mpi4py import MPI
ImportError: /cvmfs/soft.computecanada.ca/nix/var/nix/profiles/16.09/lib/librt.so.1: symbol __recv, version GLIBC_PRIVATE not defined in file libc.so.6 with link time reference
Traceback (most recent call last):
  File "core_code.py", line 19, in <module>
    from mpi4py import MPI
ImportError: /cvmfs/soft.computecanada.ca/nix/var/nix/profiles/16.09/lib/librt.so.1: symbol __recv, version GLIBC_PRIVATE not defined in file libc.so.6 with link time reference
Traceback (most recent call last):
  File "core_code.py", line 19, in <module>
    from mpi4py import MPI
ImportError: /cvmfs/soft.computecanada.ca/nix/var/nix/profiles/16.09/lib/librt.so.1: symbol __recv, version GLIBC_PRIVATE not defined in file libc.so.6 with link time reference
Traceback (most recent call last):
  File "core_code.py", line 19, in <module>
    from mpi4py import MPI
ImportError: /cvmfs/soft.computecanada.ca/nix/var/nix/profiles/16.09/lib/librt.so.1: symbol __recv, version GLIBC_PRIVATE not defined in file libc.so.6 with link time reference
Traceback (most recent call last):
  File "core_code.py", line 19, in <module>
    from mpi4py import MPI
ImportError: /cvmfs/soft.computecanada.ca/nix/var/nix/profiles/16.09/lib/librt.so.1: symbol __recv, version GLIBC_PRIVATE not defined in file libc.so.6 with link time reference
Traceback (most recent call last):
  File "core_code.py", line 19, in <module>
    from mpi4py import MPI
ImportError: /cvmfs/soft.computecanada.ca/nix/var/nix/profiles/16.09/lib/librt.so.1: symbol __recv, version GLIBC_PRIVATE not defined in file libc.so.6 with link time reference
Traceback (most recent call last):
  File "core_code.py", line 19, in <module>
    from mpi4py import MPI
ImportError: /cvmfs/soft.computecanada.ca/nix/var/nix/profiles/16.09/lib/librt.so.1: symbol __recv, version GLIBC_PRIVATE not defined in file libc.so.6 with link time reference
Traceback (most recent call last):
  File "core_code.py", line 19, in <module>
    from mpi4py import MPI
ImportError: /cvmfs/soft.computecanada.ca/nix/var/nix/profiles/16.09/lib/librt.so.1: symbol __recv, version GLIBC_PRIVATE not defined in file libc.so.6 with link time reference
Traceback (most recent call last):
  File "core_code.py", line 19, in <module>
    from mpi4py import MPI
ImportError: /cvmfs/soft.computecanada.ca/nix/var/nix/profiles/16.09/lib/librt.so.1: symbol __recv, version GLIBC_PRIVATE not defined in file libc.so.6 with link time reference
Traceback (most recent call last):
  File "core_code.py", line 19, in <module>
    from mpi4py import MPI
ImportError: /cvmfs/soft.computecanada.ca/nix/var/nix/profiles/16.09/lib/librt.so.1: symbol __recv, version GLIBC_PRIVATE not defined in file libc.so.6 with link time reference
Traceback (most recent call last):
  File "core_code.py", line 19, in <module>
    from mpi4py import MPI
ImportError: /cvmfs/soft.computecanada.ca/nix/var/nix/profiles/16.09/lib/librt.so.1: symbol __recv, version GLIBC_PRIVATE not defined in file libc.so.6 with link time reference
Traceback (most recent call last):
  File "core_code.py", line 19, in <module>
    from mpi4py import MPI
ImportError: /cvmfs/soft.computecanada.ca/nix/var/nix/profiles/16.09/lib/librt.so.1: symbol __recv, version GLIBC_PRIVATE not defined in file libc.so.6 with link time reference
Traceback (most recent call last):
  File "core_code.py", line 19, in <module>
    from mpi4py import MPI
ImportError: /cvmfs/soft.computecanada.ca/nix/var/nix/profiles/16.09/lib/librt.so.1: symbol __recv, version GLIBC_PRIVATE not defined in file libc.so.6 with link time reference
Traceback (most recent call last):
  File "core_code.py", line 19, in <module>
    from mpi4py import MPI
ImportError: /cvmfs/soft.computecanada.ca/nix/var/nix/profiles/16.09/lib/librt.so.1: symbol __recv, version GLIBC_PRIVATE not defined in file libc.so.6 with link time reference
Traceback (most recent call last):
  File "core_code.py", line 19, in <module>
    from mpi4py import MPI
ImportError: /cvmfs/soft.computecanada.ca/nix/var/nix/profiles/16.09/lib/librt.so.1: symbol __recv, version GLIBC_PRIVATE not defined in file libc.so.6 with link time reference
-------------------------------------------------------
Primary job  terminated normally, but 1 process returned
a non-zero exit code.. Per user-direction, the job has been aborted.
-------------------------------------------------------
--------------------------------------------------------------------------
mpiexec detected that one or more processes exited with non-zero status, thus causing
the job to be terminated. The first process to do so was:

  Process name: [[37426,1],2]
  Exit code:    1
--------------------------------------------------------------------------

Done running script

Done running experiment

